android-kotlin/build/outputs/logs/manifest-merger-debug-report.txt
-- Merging decision tree log ---
manifest
ADDED from src/main/AndroidManifest.xml:2:1-45:12
	package
		ADDED from src/main/AndroidManifest.xml:2:11-43
	android:versionName
		ADDED from src/main/AndroidManifest.xml:5:11-36
		INJECTED from src/main/AndroidManifest.xml
		INJECTED from src/main/AndroidManifest.xml
	android:versionCode
		ADDED from src/main/AndroidManifest.xml:4:11-34
		INJECTED from src/main/AndroidManifest.xml
		INJECTED from src/main/AndroidManifest.xml
	xmlns:android
		ADDED from src/main/AndroidManifest.xml:3:11-69
uses-sdk
ADDED from src/main/AndroidManifest.xml:7:3-9:38
MERGED from [com.android.support:appcompat-v7:23.2.0] AndroidManifest.xml:21:5-23:78
MERGED from [com.android.support:animated-vector-drawable:23.2.0] AndroidManifest.xml:5:5-44
MERGED from [com.android.support:support-vector-drawable:23.2.0] AndroidManifest.xml:5:5-43
MERGED from [com.android.support:support-v4:23.2.0] AndroidManifest.xml:20:5-43
	tools:overrideLibrary
		ADDED from [com.android.support:appcompat-v7:23.2.0] AndroidManifest.xml:23:9-75
	android:targetSdkVersion
		ADDED from src/main/AndroidManifest.xml:9:7-36
		INJECTED from src/main/AndroidManifest.xml
		INJECTED from src/main/AndroidManifest.xml
	android:minSdkVersion
		ADDED from src/main/AndroidManifest.xml:8:7-33
		INJECTED from src/main/AndroidManifest.xml
		INJECTED from src/main/AndroidManifest.xml
uses-permission#android.permission.INTERNET
ADDED from src/main/AndroidManifest.xml:12:3-64
	android:name
		ADDED from src/main/AndroidManifest.xml:12:20-62
application
ADDED from src/main/AndroidManifest.xml:14:3-44:17
MERGED from [com.android.support:appcompat-v7:23.2.0] AndroidManifest.xml:25:5-20
MERGED from [com.android.support:animated-vector-drawable:23.2.0] AndroidManifest.xml:7:5-20
MERGED from [com.android.support:support-vector-drawable:23.2.0] AndroidManifest.xml:7:5-20
MERGED from [com.android.support:support-v4:23.2.0] AndroidManifest.xml:22:5-20
	android:label
		ADDED from src/main/AndroidManifest.xml:17:7-39
	android:allowBackup
		ADDED from src/main/AndroidManifest.xml:15:7-33
	android:icon
		ADDED from src/main/AndroidManifest.xml:16:7-40
	android:theme
		ADDED from src/main/AndroidManifest.xml:18:7-38
activity#com.example.omgandroid.MainActivity
ADDED from src/main/AndroidManifest.xml:19:5-27:16
	android:label
		ADDED from src/main/AndroidManifest.xml:21:9-41
	android:launchMode
		ADDED from src/main/AndroidManifest.xml:22:9-39
	android:name
		ADDED from src/main/AndroidManifest.xml:20:9-59
intent-filter#android.intent.action.MAIN+android.intent.category.LAUNCHER
ADDED from src/main/AndroidManifest.xml:23:7-26:23
action#android.intent.action.MAIN
ADDED from src/main/AndroidManifest.xml:24:9-60
	android:name
		ADDED from src/main/AndroidManifest.xml:24:17-58
category#android.intent.category.LAUNCHER
ADDED from src/main/AndroidManifest.xml:25:9-68
	android:name
		ADDED from src/main/AndroidManifest.xml:25:19-66
activity#com.example.omgandroid.DetailActivity
ADDED from src/main/AndroidManifest.xml:28:5-35:16
	android:label
		ADDED from src/main/AndroidManifest.xml:30:9-49
	android:parentActivityName
		ADDED from src/main/AndroidManifest.xml:31:9-51
	android:name
		ADDED from src/main/AndroidManifest.xml:29:9-39
meta-data#android.support.PARENT_ACTIVITY
ADDED from src/main/AndroidManifest.xml:32:7-34:42
	android:value
		ADDED from src/main/AndroidManifest.xml:34:11-40
	android:name
		ADDED from src/main/AndroidManifest.xml:33:11-57
activity#com.example.omgandroid.DetailActivityKotlin
ADDED from src/main/AndroidManifest.xml:36:5-43:16
	android:label
		ADDED from src/main/AndroidManifest.xml:38:9-56
	android:parentActivityName
		ADDED from src/main/AndroidManifest.xml:39:9-51
	android:name
		ADDED from src/main/AndroidManifest.xml:37:9-45